<?xml version="1.0" encoding="UTF-8"?>
<!-- Generated by org.testng.reporters.JUnitReportReporter -->
<testsuite hostname="BANLWR9123HMJ" failures="0" tests="3" name="tests.LoginTests" time="19.359" errors="0" timestamp="2023-10-15T14:30:38 IST" skipped="0">
  <testcase classname="tests.LoginTests" name="invalidUserName" time="4.477"/>
  <testcase classname="tests.LoginTests" name="successfulLogin" time="6.696"/>
  <testcase classname="tests.LoginTests" name="invalidPassword" time="8.186"/>
</testsuite> <!-- tests.LoginTests -->
