<?xml version="1.0" encoding="UTF-8"?>
<!-- Generated by org.testng.reporters.JUnitReportReporter -->
<testsuite hostname="BANLWR9123HMJ" failures="0" tests="1" name="tests.ProductTests" time="9.334" errors="0" timestamp="2023-10-15T14:30:38 IST" skipped="0">
  <testcase classname="tests.ProductTests" name="validateProductOnProductsPage" time="9.334"/>
</testsuite> <!-- tests.ProductTests -->
